<?xml version="1.0" encoding="UTF-8"?>
<testsuite xmlns:xsi="http://www.w3.org/2001/XMLSchema-instance" xsi:noNamespaceSchemaLocation="https://maven.apache.org/surefire/maven-surefire-plugin/xsd/surefire-test-report-3.0.xsd" version="3.0" name="integration.step2.InventoryServiceTest" time="0.013" tests="2" errors="0" skipped="0" failures="0">
  <properties>
[...]
</properties>
  <testcase name="addPart" classname="integration.step2.InventoryServiceTest" time="0.012">
    <system-out><![CDATA[I,1,Part999,99.0,15,5,25,1
]]></system-out>
  </testcase>
  <testcase name="getParts" classname="integration.step2.InventoryServiceTest" time="0.001"/>
</testsuite>